build/app/intermediates/manifest_merge_blame_file/debug/manifest-merger-blame-debug-report.txt
1<?xml version="1.0" encoding="utf-8"?>
2<manifest xmlns:android="http://schemas.android.com/apk/res/android"
3    package="com.terabit.timeless.timeless"
4    android:versionCode="1"
5    android:versionName="1.0.0" >
6
7    <uses-sdk
8        android:minSdkVersion="21"
9        android:targetSdkVersion="33" />
10    <!--
11         The INTERNET permission is required for development. Specifically,
12         the Flutter tool needs it to communicate with the running application
13         to allow setting breakpoints, to provide hot reload, etc.
14    -->
15    <uses-permission android:name="android.permission.INTERNET" />
15-->src/main/AndroidManifest.xml:4:5-67
15-->src/main/AndroidManifest.xml:4:22-64
16    <uses-permission android:name="android.permission.WAKE_LOCK" />
16-->[:firebase_messaging] AndroidManifest.xml:10:5-68
16-->[:firebase_messaging] AndroidManifest.xml:10:22-65
17    <uses-permission android:name="android.permission.ACCESS_NETWORK_STATE" /> <!-- Permissions options for the `notification` group -->
17-->[:firebase_messaging] AndroidManifest.xml:11:5-79
17-->[:firebase_messaging] AndroidManifest.xml:11:22-76
18    <uses-permission android:name="android.permission.POST_NOTIFICATIONS" />
18-->[:firebase_messaging] AndroidManifest.xml:13:5-77
18-->[:firebase_messaging] AndroidManifest.xml:13:22-74
19    <uses-permission android:name="android.permission.VIBRATE" />
19-->[:flutter_local_notifications] AndroidManifest.xml:9:5-66
19-->[:flutter_local_notifications] AndroidManifest.xml:9:22-63
20
21    <queries>
21-->[:flutter_inappwebview] AndroidManifest.xml:9:5-13:15
22        <intent>
22-->[:flutter_inappwebview] AndroidManifest.xml:10:9-12:18
23            <action android:name="android.support.customtabs.action.CustomTabsService" />
23-->[:flutter_inappwebview] AndroidManifest.xml:11:13-90
23-->[:flutter_inappwebview] AndroidManifest.xml:11:21-87
24        </intent>
25
26        <package android:name="com.facebook.katana" /> <!-- Needs to be explicitly declared on Android R+ -->
26-->[com.facebook.android:facebook-common:16.3.0] AndroidManifest.xml:18:9-55
26-->[com.facebook.android:facebook-common:16.3.0] AndroidManifest.xml:18:18-52
27        <package android:name="com.google.android.apps.maps" />
27-->[com.google.android.gms:play-services-maps:18.2.0] AndroidManifest.xml:33:9-64
27-->[com.google.android.gms:play-services-maps:18.2.0] AndroidManifest.xml:33:18-61
28    </queries> <!-- Required by older versions of Google Play services to create IID tokens -->
29    <uses-permission android:name="com.google.android.c2dm.permission.RECEIVE" />
29-->[com.google.firebase:firebase-messaging:23.3.1] AndroidManifest.xml:26:5-82
29-->[com.google.firebase:firebase-messaging:23.3.1] AndroidManifest.xml:26:22-79
30    <uses-permission android:name="com.google.android.gms.permission.AD_ID" />
30-->[com.google.android.gms:play-services-measurement-api:21.5.0] AndroidManifest.xml:25:5-79
30-->[com.google.android.gms:play-services-measurement-api:21.5.0] AndroidManifest.xml:25:22-76
31    <uses-permission android:name="android.permission.ACCESS_ADSERVICES_ATTRIBUTION" />
31-->[com.google.android.gms:play-services-measurement-api:21.5.0] AndroidManifest.xml:26:5-88
31-->[com.google.android.gms:play-services-measurement-api:21.5.0] AndroidManifest.xml:26:22-85
32    <uses-permission android:name="android.permission.ACCESS_ADSERVICES_AD_ID" />
32-->[com.google.android.gms:play-services-measurement-api:21.5.0] AndroidManifest.xml:27:5-82
32-->[com.google.android.gms:play-services-measurement-api:21.5.0] AndroidManifest.xml:27:22-79
33    <uses-permission android:name="com.google.android.finsky.permission.BIND_GET_INSTALL_REFERRER_SERVICE" />
33-->[com.google.android.gms:play-services-measurement:21.5.0] AndroidManifest.xml:26:5-110
33-->[com.google.android.gms:play-services-measurement:21.5.0] AndroidManifest.xml:26:22-107
34
35    <uses-feature
35-->[com.google.android.gms:play-services-maps:18.2.0] AndroidManifest.xml:26:5-28:35
36        android:glEsVersion="0x00020000"
36-->[com.google.android.gms:play-services-maps:18.2.0] AndroidManifest.xml:27:9-41
37        android:required="true" />
37-->[com.google.android.gms:play-services-maps:18.2.0] AndroidManifest.xml:28:9-32
38
39    <permission
39-->[androidx.core:core:1.10.1] AndroidManifest.xml:22:5-24:47
40        android:name="com.terabit.timeless.timeless.DYNAMIC_RECEIVER_NOT_EXPORTED_PERMISSION"
40-->[androidx.core:core:1.10.1] AndroidManifest.xml:23:9-81
41        android:protectionLevel="signature" />
41-->[androidx.core:core:1.10.1] AndroidManifest.xml:24:9-44
42
43    <uses-permission android:name="com.terabit.timeless.timeless.DYNAMIC_RECEIVER_NOT_EXPORTED_PERMISSION" />
43-->[androidx.core:core:1.10.1] AndroidManifest.xml:26:5-97
43-->[androidx.core:core:1.10.1] AndroidManifest.xml:26:22-94
44
45    <application
46        android:name="android.app.Application"
47        android:appComponentFactory="androidx.core.app.CoreComponentFactory"
47-->[androidx.core:core:1.10.1] AndroidManifest.xml:28:18-86
48        android:debuggable="true"
49        android:icon="@mipmap/ic_launcher"
50        android:label="Timeless"
51        android:supportsRtl="true"
51-->[com.facebook.android:facebook-android-sdk:16.3.0] AndroidManifest.xml:16:18-44
52        android:usesCleartextTraffic="true" >
53        <meta-data
54            android:name="com.facebook.sdk.ApplicationId"
55            android:value="@string/facebook_app_id" />
56        <meta-data
57            android:name="com.facebook.sdk.ClientToken"
58            android:value="@string/facebook_client_token" />
59        <meta-data
60            android:name="com.google.android.geo.API_KEY"
61            android:value="AIzaSyD2iAVuME8f_hACkixmDwAWb-VSxz1lCwU" />
62
63        <activity
64            android:name="com.terabit.timeless.timeless.MainActivity"
65            android:configChanges="orientation|keyboardHidden|keyboard|screenSize|smallestScreenSize|locale|layoutDirection|fontScale|screenLayout|density|uiMode"
66            android:exported="true"
67            android:hardwareAccelerated="true"
68            android:launchMode="singleTop"
69            android:theme="@style/LaunchTheme"
70            android:windowSoftInputMode="adjustResize" >
71
72            <!--
73                 Specifies an Android theme to apply to this Activity as soon as
74                 the Android process has started. This theme is visible to the user
75                 while the Flutter UI initializes. After that, this theme continues
76                 to determine the Window background behind the Flutter UI.
77            -->
78            <meta-data
79                android:name="io.flutter.embedding.android.NormalTheme"
80                android:resource="@style/NormalTheme" />
81
82            <intent-filter>
83                <action android:name="android.intent.action.MAIN" />
84
85                <category android:name="android.intent.category.LAUNCHER" />
86            </intent-filter>
87            <intent-filter>
88                <action android:name="FLUTTER_NOTIFICATION_CLICK" />
89
90                <category android:name="android.intent.category.DEFAULT" />
90-->[com.google.firebase:firebase-auth:22.3.0] AndroidManifest.xml:38:17-76
90-->[com.google.firebase:firebase-auth:22.3.0] AndroidManifest.xml:38:27-73
91            </intent-filter>
92        </activity>
93        <!--
94             Don't delete the meta-data below.
95             This is used by the Flutter tool to generate GeneratedPluginRegistrant.java
96        -->
97        <meta-data
98            android:name="flutterEmbedding"
99            android:value="2" />
100
101        <service
101-->[:cloud_firestore] AndroidManifest.xml:10:9-14:19
102            android:name="com.google.firebase.components.ComponentDiscoveryService"
102-->[:cloud_firestore] AndroidManifest.xml:10:18-89
103            android:directBootAware="true"
103-->[com.google.firebase:firebase-common:20.4.2] AndroidManifest.xml:32:13-43
104            android:exported="false" >
104-->[com.google.firebase:firebase-analytics-ktx:21.5.0] AndroidManifest.xml:10:13-37
105            <meta-data
105-->[:cloud_firestore] AndroidManifest.xml:11:13-13:85
106                android:name="com.google.firebase.components:io.flutter.plugins.firebase.firestore.FlutterFirebaseFirestoreRegistrar"
106-->[:cloud_firestore] AndroidManifest.xml:12:17-134
107                android:value="com.google.firebase.components.ComponentRegistrar" />
107-->[:cloud_firestore] AndroidManifest.xml:13:17-82
108            <meta-data
108-->[:firebase_auth] AndroidManifest.xml:11:13-13:85
109                android:name="com.google.firebase.components:io.flutter.plugins.firebase.auth.FlutterFirebaseAuthRegistrar"
109-->[:firebase_auth] AndroidManifest.xml:12:17-124
110                android:value="com.google.firebase.components.ComponentRegistrar" />
110-->[:firebase_auth] AndroidManifest.xml:13:17-82
111            <meta-data
111-->[:firebase_storage] AndroidManifest.xml:11:13-13:85
112                android:name="com.google.firebase.components:io.flutter.plugins.firebase.storage.FlutterFirebaseAppRegistrar"
112-->[:firebase_storage] AndroidManifest.xml:12:17-126
113                android:value="com.google.firebase.components.ComponentRegistrar" />
113-->[:firebase_storage] AndroidManifest.xml:13:17-82
114            <meta-data
114-->[:firebase_messaging] AndroidManifest.xml:38:13-40:85
115                android:name="com.google.firebase.components:io.flutter.plugins.firebase.messaging.FlutterFirebaseAppRegistrar"
115-->[:firebase_messaging] AndroidManifest.xml:39:17-128
116                android:value="com.google.firebase.components.ComponentRegistrar" />
116-->[:firebase_messaging] AndroidManifest.xml:40:17-82
117            <meta-data
117-->[:firebase_core] AndroidManifest.xml:11:13-13:85
118                android:name="com.google.firebase.components:io.flutter.plugins.firebase.core.FlutterFirebaseCoreRegistrar"
118-->[:firebase_core] AndroidManifest.xml:12:17-124
119                android:value="com.google.firebase.components.ComponentRegistrar" />
119-->[:firebase_core] AndroidManifest.xml:13:17-82
120            <meta-data
120-->[com.google.firebase:firebase-analytics-ktx:21.5.0] AndroidManifest.xml:11:13-13:85
121                android:name="com.google.firebase.components:com.google.firebase.analytics.ktx.FirebaseAnalyticsLegacyRegistrar"
121-->[com.google.firebase:firebase-analytics-ktx:21.5.0] AndroidManifest.xml:12:17-129
122                android:value="com.google.firebase.components.ComponentRegistrar" />
122-->[com.google.firebase:firebase-analytics-ktx:21.5.0] AndroidManifest.xml:13:17-82
123            <meta-data
123-->[com.google.firebase:firebase-auth-ktx:22.3.0] AndroidManifest.xml:11:13-13:85
124                android:name="com.google.firebase.components:com.google.firebase.auth.ktx.FirebaseAuthLegacyRegistrar"
124-->[com.google.firebase:firebase-auth-ktx:22.3.0] AndroidManifest.xml:12:17-119
125                android:value="com.google.firebase.components.ComponentRegistrar" />
125-->[com.google.firebase:firebase-auth-ktx:22.3.0] AndroidManifest.xml:13:17-82
126            <meta-data
126-->[com.google.firebase:firebase-firestore:24.9.1] AndroidManifest.xml:17:13-19:85
127                android:name="com.google.firebase.components:com.google.firebase.firestore.FirebaseFirestoreKtxRegistrar"
127-->[com.google.firebase:firebase-firestore:24.9.1] AndroidManifest.xml:18:17-122
128                android:value="com.google.firebase.components.ComponentRegistrar" />
128-->[com.google.firebase:firebase-firestore:24.9.1] AndroidManifest.xml:19:17-82
129            <meta-data
129-->[com.google.firebase:firebase-firestore:24.9.1] AndroidManifest.xml:20:13-22:85
130                android:name="com.google.firebase.components:com.google.firebase.firestore.FirestoreRegistrar"
130-->[com.google.firebase:firebase-firestore:24.9.1] AndroidManifest.xml:21:17-111
131                android:value="com.google.firebase.components.ComponentRegistrar" />
131-->[com.google.firebase:firebase-firestore:24.9.1] AndroidManifest.xml:22:17-82
132            <meta-data
132-->[com.google.firebase:firebase-auth:22.3.0] AndroidManifest.xml:69:13-71:85
133                android:name="com.google.firebase.components:com.google.firebase.auth.FirebaseAuthRegistrar"
133-->[com.google.firebase:firebase-auth:22.3.0] AndroidManifest.xml:70:17-109
134                android:value="com.google.firebase.components.ComponentRegistrar" />
134-->[com.google.firebase:firebase-auth:22.3.0] AndroidManifest.xml:71:17-82
135            <meta-data
135-->[com.google.firebase:firebase-storage:20.3.0] AndroidManifest.xml:30:13-32:85
136                android:name="com.google.firebase.components:com.google.firebase.storage.FirebaseStorageKtxRegistrar"
136-->[com.google.firebase:firebase-storage:20.3.0] AndroidManifest.xml:31:17-118
137                android:value="com.google.firebase.components.ComponentRegistrar" />
137-->[com.google.firebase:firebase-storage:20.3.0] AndroidManifest.xml:32:17-82
138            <meta-data
138-->[com.google.firebase:firebase-storage:20.3.0] AndroidManifest.xml:33:13-35:85
139                android:name="com.google.firebase.components:com.google.firebase.storage.StorageRegistrar"
139-->[com.google.firebase:firebase-storage:20.3.0] AndroidManifest.xml:34:17-107
140                android:value="com.google.firebase.components.ComponentRegistrar" />
140-->[com.google.firebase:firebase-storage:20.3.0] AndroidManifest.xml:35:17-82
141            <meta-data
141-->[com.google.firebase:firebase-messaging:23.3.1] AndroidManifest.xml:57:13-59:85
142                android:name="com.google.firebase.components:com.google.firebase.messaging.FirebaseMessagingKtxRegistrar"
142-->[com.google.firebase:firebase-messaging:23.3.1] AndroidManifest.xml:58:17-122
143                android:value="com.google.firebase.components.ComponentRegistrar" />
143-->[com.google.firebase:firebase-messaging:23.3.1] AndroidManifest.xml:59:17-82
144            <meta-data
144-->[com.google.firebase:firebase-messaging:23.3.1] AndroidManifest.xml:60:13-62:85
145                android:name="com.google.firebase.components:com.google.firebase.messaging.FirebaseMessagingRegistrar"
145-->[com.google.firebase:firebase-messaging:23.3.1] AndroidManifest.xml:61:17-119
146                android:value="com.google.firebase.components.ComponentRegistrar" />
146-->[com.google.firebase:firebase-messaging:23.3.1] AndroidManifest.xml:62:17-82
147            <meta-data
147-->[com.google.firebase:firebase-appcheck:17.1.1] AndroidManifest.xml:25:13-27:85
148                android:name="com.google.firebase.components:com.google.firebase.appcheck.FirebaseAppCheckKtxRegistrar"
148-->[com.google.firebase:firebase-appcheck:17.1.1] AndroidManifest.xml:26:17-120
149                android:value="com.google.firebase.components.ComponentRegistrar" />
149-->[com.google.firebase:firebase-appcheck:17.1.1] AndroidManifest.xml:27:17-82
150            <meta-data
150-->[com.google.firebase:firebase-appcheck:17.1.1] AndroidManifest.xml:28:13-30:85
151                android:name="com.google.firebase.components:com.google.firebase.appcheck.FirebaseAppCheckRegistrar"
151-->[com.google.firebase:firebase-appcheck:17.1.1] AndroidManifest.xml:29:17-117
152                android:value="com.google.firebase.components.ComponentRegistrar" />
152-->[com.google.firebase:firebase-appcheck:17.1.1] AndroidManifest.xml:30:17-82
153            <meta-data
153-->[com.google.firebase:firebase-iid:21.1.0] AndroidManifest.xml:32:13-34:85
154                android:name="com.google.firebase.components:com.google.firebase.iid.Registrar"
154-->[com.google.firebase:firebase-iid:21.1.0] AndroidManifest.xml:33:17-96
155                android:value="com.google.firebase.components.ComponentRegistrar" />
155-->[com.google.firebase:firebase-iid:21.1.0] AndroidManifest.xml:34:17-82
156            <meta-data
156-->[com.google.android.gms:play-services-measurement-api:21.5.0] AndroidManifest.xml:37:13-39:85
157                android:name="com.google.firebase.components:com.google.firebase.analytics.connector.internal.AnalyticsConnectorRegistrar"
157-->[com.google.android.gms:play-services-measurement-api:21.5.0] AndroidManifest.xml:38:17-139
158                android:value="com.google.firebase.components.ComponentRegistrar" />
158-->[com.google.android.gms:play-services-measurement-api:21.5.0] AndroidManifest.xml:39:17-82
159            <meta-data
159-->[com.google.firebase:firebase-installations:17.2.0] AndroidManifest.xml:15:13-17:85
160                android:name="com.google.firebase.components:com.google.firebase.installations.FirebaseInstallationsKtxRegistrar"
160-->[com.google.firebase:firebase-installations:17.2.0] AndroidManifest.xml:16:17-130
161                android:value="com.google.firebase.components.ComponentRegistrar" />
161-->[com.google.firebase:firebase-installations:17.2.0] AndroidManifest.xml:17:17-82
162            <meta-data
162-->[com.google.firebase:firebase-installations:17.2.0] AndroidManifest.xml:18:13-20:85
163                android:name="com.google.firebase.components:com.google.firebase.installations.FirebaseInstallationsRegistrar"
163-->[com.google.firebase:firebase-installations:17.2.0] AndroidManifest.xml:19:17-127
164                android:value="com.google.firebase.components.ComponentRegistrar" />
164-->[com.google.firebase:firebase-installations:17.2.0] AndroidManifest.xml:20:17-82
165            <meta-data
165-->[com.google.firebase:firebase-common-ktx:20.4.2] AndroidManifest.xml:12:13-14:85
166                android:name="com.google.firebase.components:com.google.firebase.ktx.FirebaseCommonLegacyRegistrar"
166-->[com.google.firebase:firebase-common-ktx:20.4.2] AndroidManifest.xml:13:17-116
167                android:value="com.google.firebase.components.ComponentRegistrar" />
167-->[com.google.firebase:firebase-common-ktx:20.4.2] AndroidManifest.xml:14:17-82
168            <meta-data
168-->[com.google.firebase:firebase-common:20.4.2] AndroidManifest.xml:35:13-37:85
169                android:name="com.google.firebase.components:com.google.firebase.FirebaseCommonKtxRegistrar"
169-->[com.google.firebase:firebase-common:20.4.2] AndroidManifest.xml:36:17-109
170                android:value="com.google.firebase.components.ComponentRegistrar" />
170-->[com.google.firebase:firebase-common:20.4.2] AndroidManifest.xml:37:17-82
171            <meta-data
171-->[com.google.firebase:firebase-datatransport:18.1.7] AndroidManifest.xml:27:13-29:85
172                android:name="com.google.firebase.components:com.google.firebase.datatransport.TransportRegistrar"
172-->[com.google.firebase:firebase-datatransport:18.1.7] AndroidManifest.xml:28:17-115
173                android:value="com.google.firebase.components.ComponentRegistrar" />
173-->[com.google.firebase:firebase-datatransport:18.1.7] AndroidManifest.xml:29:17-82
174        </service>
175        <service
175-->[:firebase_messaging] AndroidManifest.xml:16:9-19:72
176            android:name="io.flutter.plugins.firebase.messaging.FlutterFirebaseMessagingBackgroundService"
176-->[:firebase_messaging] AndroidManifest.xml:17:13-107
177            android:exported="false"
177-->[:firebase_messaging] AndroidManifest.xml:18:13-37
178            android:permission="android.permission.BIND_JOB_SERVICE" />
178-->[:firebase_messaging] AndroidManifest.xml:19:13-69
179        <service
179-->[:firebase_messaging] AndroidManifest.xml:20:9-26:19
180            android:name="io.flutter.plugins.firebase.messaging.FlutterFirebaseMessagingService"
180-->[:firebase_messaging] AndroidManifest.xml:21:13-97
181            android:exported="false" >
181-->[:firebase_messaging] AndroidManifest.xml:22:13-37
182            <intent-filter>
182-->[:firebase_messaging] AndroidManifest.xml:23:13-25:29
183                <action android:name="com.google.firebase.MESSAGING_EVENT" />
183-->[:firebase_messaging] AndroidManifest.xml:24:17-78
183-->[:firebase_messaging] AndroidManifest.xml:24:25-75
184            </intent-filter>
185        </service>
186
187        <receiver
187-->[:firebase_messaging] AndroidManifest.xml:28:9-35:20
188            android:name="io.flutter.plugins.firebase.messaging.FlutterFirebaseMessagingReceiver"
188-->[:firebase_messaging] AndroidManifest.xml:29:13-98
189            android:exported="true"
189-->[:firebase_messaging] AndroidManifest.xml:30:13-36
190            android:permission="com.google.android.c2dm.permission.SEND" >
190-->[:firebase_messaging] AndroidManifest.xml:31:13-73
191            <intent-filter>
191-->[:firebase_messaging] AndroidManifest.xml:32:13-34:29
192                <action android:name="com.google.android.c2dm.intent.RECEIVE" />
192-->[:firebase_messaging] AndroidManifest.xml:33:17-81
192-->[:firebase_messaging] AndroidManifest.xml:33:25-78
193            </intent-filter>
194        </receiver>
195
196        <provider
196-->[:firebase_messaging] AndroidManifest.xml:43:9-47:38
197            android:name="io.flutter.plugins.firebase.messaging.FlutterFirebaseMessagingInitProvider"
197-->[:firebase_messaging] AndroidManifest.xml:44:13-102
198            android:authorities="com.terabit.timeless.timeless.flutterfirebasemessaginginitprovider"
198-->[:firebase_messaging] AndroidManifest.xml:45:13-88
199            android:exported="false"
199-->[:firebase_messaging] AndroidManifest.xml:46:13-37
200            android:initOrder="99" />
200-->[:firebase_messaging] AndroidManifest.xml:47:13-35
201        <provider
201-->[:image_picker_android] AndroidManifest.xml:10:9-18:20
202            android:name="io.flutter.plugins.imagepicker.ImagePickerFileProvider"
202-->[:image_picker_android] AndroidManifest.xml:11:13-82
203            android:authorities="com.terabit.timeless.timeless.flutter.image_provider"
203-->[:image_picker_android] AndroidManifest.xml:12:13-74
204            android:exported="false"
204-->[:image_picker_android] AndroidManifest.xml:13:13-37
205            android:grantUriPermissions="true" >
205-->[:image_picker_android] AndroidManifest.xml:14:13-47
206            <meta-data
206-->[:image_picker_android] AndroidManifest.xml:15:13-17:75
207                android:name="android.support.FILE_PROVIDER_PATHS"
207-->[:image_picker_android] AndroidManifest.xml:16:17-67
208                android:resource="@xml/flutter_image_picker_file_paths" />
208-->[:image_picker_android] AndroidManifest.xml:17:17-72
209        </provider>
210
211        <activity
211-->[:url_launcher_android] AndroidManifest.xml:10:9-13:74
212            android:name="io.flutter.plugins.urllauncher.WebViewActivity"
212-->[:url_launcher_android] AndroidManifest.xml:11:13-74
213            android:exported="false"
213-->[:url_launcher_android] AndroidManifest.xml:12:13-37
214            android:theme="@android:style/Theme.NoTitleBar.Fullscreen" />
214-->[:url_launcher_android] AndroidManifest.xml:13:13-71
215        <activity
215-->[:flutter_inappwebview] AndroidManifest.xml:16:9-20:47
216            android:name="com.pichillilorenzo.flutter_inappwebview.in_app_browser.InAppBrowserActivity"
216-->[:flutter_inappwebview] AndroidManifest.xml:17:13-104
217            android:configChanges="orientation|keyboardHidden|keyboard|screenSize|locale|layoutDirection|fontScale|screenLayout|density"
217-->[:flutter_inappwebview] AndroidManifest.xml:18:13-137
218            android:exported="false"
218-->[:flutter_inappwebview] AndroidManifest.xml:19:13-37
219            android:theme="@style/AppTheme" />
219-->[:flutter_inappwebview] AndroidManifest.xml:20:13-44
220        <activity
220-->[:flutter_inappwebview] AndroidManifest.xml:21:9-24:55
221            android:name="com.pichillilorenzo.flutter_inappwebview.chrome_custom_tabs.ChromeCustomTabsActivity"
221-->[:flutter_inappwebview] AndroidManifest.xml:22:13-112
222            android:exported="false"
222-->[:flutter_inappwebview] AndroidManifest.xml:23:13-37
223            android:theme="@style/ThemeTransparent" />
223-->[:flutter_inappwebview] AndroidManifest.xml:24:13-52
224        <activity
224-->[:flutter_inappwebview] AndroidManifest.xml:25:9-28:55
225            android:name="com.pichillilorenzo.flutter_inappwebview.chrome_custom_tabs.TrustedWebActivity"
225-->[:flutter_inappwebview] AndroidManifest.xml:26:13-106
226            android:exported="false"
226-->[:flutter_inappwebview] AndroidManifest.xml:27:13-37
227            android:theme="@style/ThemeTransparent" />
227-->[:flutter_inappwebview] AndroidManifest.xml:28:13-52
228        <activity
228-->[:flutter_inappwebview] AndroidManifest.xml:29:9-33:55
229            android:name="com.pichillilorenzo.flutter_inappwebview.chrome_custom_tabs.ChromeCustomTabsActivitySingleInstance"
229-->[:flutter_inappwebview] AndroidManifest.xml:30:13-126
230            android:exported="false"
230-->[:flutter_inappwebview] AndroidManifest.xml:31:13-37
231            android:launchMode="singleInstance"
231-->[:flutter_inappwebview] AndroidManifest.xml:32:13-48
232            android:theme="@style/ThemeTransparent" />
232-->[:flutter_inappwebview] AndroidManifest.xml:33:13-52
233        <activity
233-->[:flutter_inappwebview] AndroidManifest.xml:34:9-38:55
234            android:name="com.pichillilorenzo.flutter_inappwebview.chrome_custom_tabs.TrustedWebActivitySingleInstance"
234-->[:flutter_inappwebview] AndroidManifest.xml:35:13-120
235            android:exported="false"
235-->[:flutter_inappwebview] AndroidManifest.xml:36:13-37
236            android:launchMode="singleInstance"
236-->[:flutter_inappwebview] AndroidManifest.xml:37:13-48
237            android:theme="@style/ThemeTransparent" />
237-->[:flutter_inappwebview] AndroidManifest.xml:38:13-52
238
239        <receiver
239-->[:flutter_inappwebview] AndroidManifest.xml:40:9-43:40
240            android:name="com.pichillilorenzo.flutter_inappwebview.chrome_custom_tabs.ActionBroadcastReceiver"
240-->[:flutter_inappwebview] AndroidManifest.xml:41:13-111
241            android:enabled="true"
241-->[:flutter_inappwebview] AndroidManifest.xml:42:13-35
242            android:exported="false" />
242-->[:flutter_inappwebview] AndroidManifest.xml:43:13-37
243
244        <meta-data
244-->[:flutter_inappwebview] AndroidManifest.xml:45:9-47:36
245            android:name="io.flutter.embedded_views_preview"
245-->[:flutter_inappwebview] AndroidManifest.xml:46:13-61
246            android:value="true" />
246-->[:flutter_inappwebview] AndroidManifest.xml:47:13-33
247
248        <activity
248-->[com.google.firebase:firebase-auth:22.3.0] AndroidManifest.xml:29:9-46:20
249            android:name="com.google.firebase.auth.internal.GenericIdpActivity"
249-->[com.google.firebase:firebase-auth:22.3.0] AndroidManifest.xml:30:13-80
250            android:excludeFromRecents="true"
250-->[com.google.firebase:firebase-auth:22.3.0] AndroidManifest.xml:31:13-46
251            android:exported="true"
251-->[com.google.firebase:firebase-auth:22.3.0] AndroidManifest.xml:32:13-36
252            android:launchMode="singleTask"
252-->[com.google.firebase:firebase-auth:22.3.0] AndroidManifest.xml:33:13-44
253            android:theme="@android:style/Theme.Translucent.NoTitleBar" >
253-->[com.google.firebase:firebase-auth:22.3.0] AndroidManifest.xml:34:13-72
254            <intent-filter>
254-->[com.google.firebase:firebase-auth:22.3.0] AndroidManifest.xml:35:13-45:29
255                <action android:name="android.intent.action.VIEW" />
255-->[com.google.firebase:firebase-auth:22.3.0] AndroidManifest.xml:36:17-69
255-->[com.google.firebase:firebase-auth:22.3.0] AndroidManifest.xml:36:25-66
256
257                <category android:name="android.intent.category.DEFAULT" />
257-->[com.google.firebase:firebase-auth:22.3.0] AndroidManifest.xml:38:17-76
257-->[com.google.firebase:firebase-auth:22.3.0] AndroidManifest.xml:38:27-73
258                <category android:name="android.intent.category.BROWSABLE" />
258-->[com.google.firebase:firebase-auth:22.3.0] AndroidManifest.xml:39:17-78
258-->[com.google.firebase:firebase-auth:22.3.0] AndroidManifest.xml:39:27-75
259
260                <data
260-->[com.google.firebase:firebase-auth:22.3.0] AndroidManifest.xml:41:17-44:51
261                    android:host="firebase.auth"
261-->[com.google.firebase:firebase-auth:22.3.0] AndroidManifest.xml:42:21-49
262                    android:path="/"
262-->[com.google.firebase:firebase-auth:22.3.0] AndroidManifest.xml:43:21-37
263                    android:scheme="genericidp" />
263-->[com.google.firebase:firebase-auth:22.3.0] AndroidManifest.xml:44:21-48
264            </intent-filter>
265        </activity>
266        <activity
266-->[com.google.firebase:firebase-auth:22.3.0] AndroidManifest.xml:47:9-64:20
267            android:name="com.google.firebase.auth.internal.RecaptchaActivity"
267-->[com.google.firebase:firebase-auth:22.3.0] AndroidManifest.xml:48:13-79
268            android:excludeFromRecents="true"
268-->[com.google.firebase:firebase-auth:22.3.0] AndroidManifest.xml:49:13-46
269            android:exported="true"
269-->[com.google.firebase:firebase-auth:22.3.0] AndroidManifest.xml:50:13-36
270            android:launchMode="singleTask"
270-->[com.google.firebase:firebase-auth:22.3.0] AndroidManifest.xml:51:13-44
271            android:theme="@android:style/Theme.Translucent.NoTitleBar" >
271-->[com.google.firebase:firebase-auth:22.3.0] AndroidManifest.xml:52:13-72
272            <intent-filter>
272-->[com.google.firebase:firebase-auth:22.3.0] AndroidManifest.xml:53:13-63:29
273                <action android:name="android.intent.action.VIEW" />
273-->[com.google.firebase:firebase-auth:22.3.0] AndroidManifest.xml:36:17-69
273-->[com.google.firebase:firebase-auth:22.3.0] AndroidManifest.xml:36:25-66
274
275                <category android:name="android.intent.category.DEFAULT" />